
+-------------------+
| Key               |
|-------------------|
| chi2 contribution |
| column percentage |
+-------------------+

 PS1_1. À votre avis, |
  l’assurance maladie |   PS13_1. Accepteriez-vous une baisse de l’assurance maladie en
         devrait-elle |                        échange d’une bais
        bénéficier... | Oui, tout  Oui, plut  Non, plut  Non, pas   (Non conc      (NSP) |     Total
----------------------+------------------------------------------------------------------+----------
    Ceux qui cotisent |      15.9        9.5        1.4        3.7        2.4        0.7 |      33.6 
                      |     25.41      18.62      11.17      10.95      22.58      19.05 |     12.61 
----------------------+------------------------------------------------------------------+----------
       Pas les moyens |      22.5        4.3        1.4       10.3        0.4        1.4 |      40.2 
                      |     13.11       6.61       5.10       2.65       6.45       9.52 |      4.26 
----------------------+------------------------------------------------------------------+----------
               A tous |       4.3        7.5        2.4        8.5        0.2        0.0 |      22.9 
                      |     45.90      48.95      56.43      66.10      54.84      57.14 |     60.59 
----------------------+------------------------------------------------------------------+----------
Davantage au cotisant |       2.9        2.2       10.6        4.8        1.2        1.5 |      23.2 
                      |     14.75      25.83      27.31      19.48      12.90       9.52 |     21.98 
----------------------+------------------------------------------------------------------+----------
                    5 |       0.1        1.9        4.6        2.1        3.9        6.6 |      19.3 
                      |      0.82       0.00       0.00       0.82       3.23       4.76 |      0.56 
----------------------+------------------------------------------------------------------+----------
                Total |      45.7       25.4       20.3       29.5        8.1       10.2 |     139.2 
                      |    100.00     100.00     100.00     100.00     100.00     100.00 |    100.00 

         Pearson chi2(20) = 139.1811   Pr = 0.000
